[debug] [2021-10-02T16:55:54.704Z] ----------------------------------------------------------------------
[debug] [2021-10-02T16:55:54.708Z] Command:       C:\Program Files (x86)\nodejs\node.exe C:\Users\USER\AppData\Roaming\npm\node_modules\firebase-tools\lib\bin\firebase.js init --token 1//0gIPTZKUMzAvwCgYIARAAGBASNwF-L9Irxw11mhVtJA6bPn7DVwbIsFR0qD4qnEve28lNPY5glu9kK-TxS5c0J7vt3JAterUHI2s
[debug] [2021-10-02T16:55:54.709Z] CLI Version:   9.19.0
[debug] [2021-10-02T16:55:54.709Z] Platform:      win32
[debug] [2021-10-02T16:55:54.709Z] Node Version:  v14.17.0
[debug] [2021-10-02T16:55:54.711Z] Time:          Sat Oct 02 2021 22:25:54 GMT+0530 (India Standard Time)
[debug] [2021-10-02T16:55:54.712Z] ----------------------------------------------------------------------
[debug] 
[debug] [2021-10-02T16:55:54.724Z] > command requires scopes: ["email","openid","https://www.googleapis.com/auth/cloudplatformprojects.readonly","https://www.googleapis.com/auth/firebase","https://www.googleapis.com/auth/cloud-platform"]
[debug] [2021-10-02T16:55:54.724Z] > authorizing via --token option
[info] 
     ######## #### ########  ######## ########     ###     ######  ########
     ##        ##  ##     ## ##       ##     ##  ##   ##  ##       ##
     ######    ##  ########  ######   ########  #########  ######  ######
     ##        ##  ##    ##  ##       ##     ## ##     ##       ## ##
     ##       #### ##     ## ######## ########  ##     ##  ######  ########

You're about to initialize a Firebase project in this directory:

  E:\MyProjects\React\ask-anything-app

[info] 
=== Project Setup
[info] 
[info] First, let's associate this project directory with a Firebase project.
[info] You can create multiple project aliases by running firebase use --add, 
[info] but for now we'll just set up a default project.
[info] 
[debug] [2021-10-02T16:57:33.557Z] > refreshing access token with scopes: []
[debug] [2021-10-02T16:57:33.558Z] >>> HTTP REQUEST POST https://www.googleapis.com/oauth2/v3/token  
 <request body omitted>
[debug] [2021-10-02T16:57:34.830Z] <<< HTTP RESPONSE 200 {"expires":"Mon, 01 Jan 1990 00:00:00 GMT","date":"Sat, 02 Oct 2021 16:57:35 GMT","cache-control":"no-cache, no-store, max-age=0, must-revalidate","pragma":"no-cache","content-type":"application/json; charset=utf-8","vary":"X-Origin, Referer, Origin,Accept-Encoding","server":"scaffolding on HTTPServer2","x-xss-protection":"0","x-frame-options":"SAMEORIGIN","x-content-type-options":"nosniff","alt-svc":"h3=\":443\"; ma=2592000,h3-29=\":443\"; ma=2592000,h3-T051=\":443\"; ma=2592000,h3-Q050=\":443\"; ma=2592000,h3-Q046=\":443\"; ma=2592000,h3-Q043=\":443\"; ma=2592000,quic=\":443\"; ma=2592000; v=\"46,43\"","accept-ranges":"none","transfer-encoding":"chunked"}
[debug] [2021-10-02T16:57:34.835Z] >>> [apiv2][query] GET https://firebase.googleapis.com/v1beta1/projects pageSize=100
[debug] [2021-10-02T16:57:36.736Z] <<< [apiv2][status] GET https://firebase.googleapis.com/v1beta1/projects 200
[debug] [2021-10-02T16:57:36.737Z] <<< [apiv2][body] GET https://firebase.googleapis.com/v1beta1/projects [omitted]
[info] i  Using project askanything-bc367 (askanything) 
[info] 
=== Firestore Setup
[debug] [2021-10-02T16:57:52.145Z] > refreshing access token with scopes: ["email","https://www.googleapis.com/auth/cloud-platform","https://www.googleapis.com/auth/cloudplatformprojects.readonly","https://www.googleapis.com/auth/firebase","openid"]
[debug] [2021-10-02T16:57:52.145Z] >>> HTTP REQUEST POST https://www.googleapis.com/oauth2/v3/token  
 <request body omitted>
[debug] [2021-10-02T16:57:53.207Z] <<< HTTP RESPONSE 200 {"pragma":"no-cache","cache-control":"no-cache, no-store, max-age=0, must-revalidate","date":"Sat, 02 Oct 2021 16:57:54 GMT","expires":"Mon, 01 Jan 1990 00:00:00 GMT","content-type":"application/json; charset=utf-8","vary":"X-Origin, Referer, Origin,Accept-Encoding","server":"scaffolding on HTTPServer2","x-xss-protection":"0","x-frame-options":"SAMEORIGIN","x-content-type-options":"nosniff","alt-svc":"h3=\":443\"; ma=2592000,h3-29=\":443\"; ma=2592000,h3-T051=\":443\"; ma=2592000,h3-Q050=\":443\"; ma=2592000,h3-Q046=\":443\"; ma=2592000,h3-Q043=\":443\"; ma=2592000,quic=\":443\"; ma=2592000; v=\"46,43\"","accept-ranges":"none","transfer-encoding":"chunked"}
[debug] [2021-10-02T16:57:53.208Z] >>> HTTP REQUEST GET https://serviceusage.googleapis.com/v1/projects/askanything-bc367/services/firestore.googleapis.com  
 
[debug] [2021-10-02T16:57:56.384Z] <<< HTTP RESPONSE 200 {"content-type":"application/json; charset=UTF-8","vary":"X-Origin, Referer, Origin,Accept-Encoding","date":"Sat, 02 Oct 2021 16:57:56 GMT","server":"ESF","cache-control":"private","x-xss-protection":"0","x-frame-options":"SAMEORIGIN","x-content-type-options":"nosniff","alt-svc":"h3=\":443\"; ma=2592000,h3-29=\":443\"; ma=2592000,h3-T051=\":443\"; ma=2592000,h3-Q050=\":443\"; ma=2592000,h3-Q046=\":443\"; ma=2592000,h3-Q043=\":443\"; ma=2592000,quic=\":443\"; ma=2592000; v=\"46,43\"","accept-ranges":"none","transfer-encoding":"chunked"}
[debug] [2021-10-02T16:57:56.385Z] >>> HTTP REQUEST GET https://appengine.googleapis.com/v1/apps/askanything-bc367  
 
[debug] [2021-10-02T16:57:58.324Z] <<< HTTP RESPONSE 200 {"content-type":"application/json; charset=UTF-8","vary":"X-Origin, Referer, Origin,Accept-Encoding","date":"Sat, 02 Oct 2021 16:57:59 GMT","server":"ESF","cache-control":"private","x-xss-protection":"0","x-frame-options":"SAMEORIGIN","x-content-type-options":"nosniff","alt-svc":"h3=\":443\"; ma=2592000,h3-29=\":443\"; ma=2592000,h3-T051=\":443\"; ma=2592000,h3-Q050=\":443\"; ma=2592000,h3-Q046=\":443\"; ma=2592000,h3-Q043=\":443\"; ma=2592000,quic=\":443\"; ma=2592000; v=\"46,43\"","accept-ranges":"none","transfer-encoding":"chunked"}
[debug] [2021-10-02T16:57:58.324Z] database_type: CLOUD_FIRESTORE
[debug] [2021-10-02T16:57:58.325Z] > command requires scopes: ["email","openid","https://www.googleapis.com/auth/cloudplatformprojects.readonly","https://www.googleapis.com/auth/firebase","https://www.googleapis.com/auth/cloud-platform"]
[debug] [2021-10-02T16:57:58.325Z] > authorizing via --token option
[debug] [2021-10-02T16:57:58.325Z] [iam] checking project askanything-bc367 for permissions ["firebase.projects.get"]
[debug] [2021-10-02T16:57:58.326Z] >>> HTTP REQUEST POST https://cloudresourcemanager.googleapis.com/v1/projects/askanything-bc367:testIamPermissions  
 {"permissions":["firebase.projects.get"]}
[debug] [2021-10-02T16:58:00.853Z] <<< HTTP RESPONSE 200 {"content-type":"application/json; charset=UTF-8","vary":"X-Origin, Referer, Origin,Accept-Encoding","date":"Sat, 02 Oct 2021 16:58:01 GMT","server":"ESF","cache-control":"private","x-xss-protection":"0","x-frame-options":"SAMEORIGIN","x-content-type-options":"nosniff","server-timing":"gfet4t7; dur=1161","alt-svc":"h3=\":443\"; ma=2592000,h3-29=\":443\"; ma=2592000,h3-T051=\":443\"; ma=2592000,h3-Q050=\":443\"; ma=2592000,h3-Q046=\":443\"; ma=2592000,h3-Q043=\":443\"; ma=2592000,quic=\":443\"; ma=2592000; v=\"46,43\"","accept-ranges":"none","transfer-encoding":"chunked"}
[info] 
[info] Firestore Security Rules allow you to define how and when to allow
[info] requests. You can keep these rules in your project directory
[info] and publish them with firebase deploy.
[info] 
[debug] [2021-10-02T16:58:15.237Z] >>> HTTP REQUEST GET https://firebaserules.googleapis.com/v1/projects/askanything-bc367/releases?pageSize=10&pageToken=  
 
[debug] [2021-10-02T16:58:17.983Z] <<< HTTP RESPONSE 200 {"content-type":"application/json; charset=UTF-8","vary":"X-Origin, Referer, Origin,Accept-Encoding","date":"Sat, 02 Oct 2021 16:58:18 GMT","server":"ESF","cache-control":"private","x-xss-protection":"0","x-frame-options":"SAMEORIGIN","x-content-type-options":"nosniff","alt-svc":"h3=\":443\"; ma=2592000,h3-29=\":443\"; ma=2592000,h3-T051=\":443\"; ma=2592000,h3-Q050=\":443\"; ma=2592000,h3-Q046=\":443\"; ma=2592000,h3-Q043=\":443\"; ma=2592000,quic=\":443\"; ma=2592000; v=\"46,43\"","accept-ranges":"none","transfer-encoding":"chunked"}
[debug] [2021-10-02T16:58:17.984Z] Found ruleset: projects/askanything-bc367/rulesets/73d4487f-b0fc-4354-9033-b82ba686e169
[debug] [2021-10-02T16:58:17.984Z] >>> HTTP REQUEST GET https://firebaserules.googleapis.com/v1/projects/askanything-bc367/rulesets/73d4487f-b0fc-4354-9033-b82ba686e169  
 
[debug] [2021-10-02T16:58:20.517Z] <<< HTTP RESPONSE 200 {"content-type":"application/json; charset=UTF-8","vary":"X-Origin, Referer, Origin,Accept-Encoding","date":"Sat, 02 Oct 2021 16:58:21 GMT","server":"ESF","cache-control":"private","x-xss-protection":"0","x-frame-options":"SAMEORIGIN","x-content-type-options":"nosniff","alt-svc":"h3=\":443\"; ma=2592000,h3-29=\":443\"; ma=2592000,h3-T051=\":443\"; ma=2592000,h3-Q050=\":443\"; ma=2592000,h3-Q046=\":443\"; ma=2592000,h3-Q043=\":443\"; ma=2592000,quic=\":443\"; ma=2592000; v=\"46,43\"","accept-ranges":"none","transfer-encoding":"chunked"}
[info] 
[info] Firestore indexes allow you to perform complex queries while
[info] maintaining performance that scales with the size of the result
[info] set. You can keep index definitions in your project directory
[info] and publish them with firebase deploy.
[info] 
[debug] [2021-10-02T16:58:20.549Z] >>> HTTP REQUEST GET https://firestore.googleapis.com/v1/projects/askanything-bc367/databases/(default)/collectionGroups/-/indexes  
 
[debug] [2021-10-02T16:58:20.550Z] >>> HTTP REQUEST GET https://firestore.googleapis.com/v1/projects/askanything-bc367/databases/(default)/collectionGroups/-/fields?filter=indexConfig.usesAncestorConfig=false  
 
[debug] [2021-10-02T16:58:22.694Z] <<< HTTP RESPONSE 200 {"content-type":"application/json; charset=UTF-8","vary":"X-Origin, Referer, Origin,Accept-Encoding","date":"Sat, 02 Oct 2021 16:58:23 GMT","server":"ESF","cache-control":"private","x-xss-protection":"0","x-frame-options":"SAMEORIGIN","x-content-type-options":"nosniff","alt-svc":"h3=\":443\"; ma=2592000,h3-29=\":443\"; ma=2592000,h3-T051=\":443\"; ma=2592000,h3-Q050=\":443\"; ma=2592000,h3-Q046=\":443\"; ma=2592000,h3-Q043=\":443\"; ma=2592000,quic=\":443\"; ma=2592000; v=\"46,43\"","accept-ranges":"none","transfer-encoding":"chunked"}
[debug] [2021-10-02T16:58:22.698Z] <<< HTTP RESPONSE 200 {"content-type":"application/json; charset=UTF-8","vary":"X-Origin, Referer, Origin,Accept-Encoding","date":"Sat, 02 Oct 2021 16:58:23 GMT","server":"ESF","cache-control":"private","x-xss-protection":"0","x-frame-options":"SAMEORIGIN","x-content-type-options":"nosniff","alt-svc":"h3=\":443\"; ma=2592000,h3-29=\":443\"; ma=2592000,h3-T051=\":443\"; ma=2592000,h3-Q050=\":443\"; ma=2592000,h3-Q046=\":443\"; ma=2592000,h3-Q043=\":443\"; ma=2592000,quic=\":443\"; ma=2592000; v=\"46,43\"","accept-ranges":"none","transfer-encoding":"chunked"}
[info] 
=== Hosting Setup
[info] 
[info] Your public directory is the folder (relative to your project directory) that
[info] will contain Hosting assets to be uploaded with firebase deploy. If you
[info] have a build process for your assets, use your build's output directory.
[info] 
[info] +  Wrote public/404.html 
[debug] [2021-10-02T16:58:49.290Z] >>> [apiv2][query] GET https://www.gstatic.com/firebasejs/releases.json [none]
[debug] [2021-10-02T16:58:50.979Z] <<< [apiv2][status] GET https://www.gstatic.com/firebasejs/releases.json 200
[debug] [2021-10-02T16:58:50.980Z] <<< [apiv2][body] GET https://www.gstatic.com/firebasejs/releases.json {"current":{"version":"9.1.1","browserURL":"https://www.gstatic.com/firebasejs/9.1.1/firebase.js","packageURL":"https://www.gstatic.com/firebasejs/9.1.1/firebase.tgz"},"live":{"version":"9.1","browserURL":"https://www.gstatic.com/firebasejs/live/9.1/firebase.js","packageURL":"https://www.gstatic.com/firebasejs/live/9.1/firebase.tgz"},"components":{"analytics":"https://www.gstatic.com/firebasejs/9.1.1/firebase-analytics.js","app":"https://www.gstatic.com/firebasejs/9.1.1/firebase-app.js","app-check":"https://www.gstatic.com/firebasejs/9.1.1/firebase-app-check.js","auth":"https://www.gstatic.com/firebasejs/9.1.1/firebase-auth.js","auth/cordova":"https://www.gstatic.com/firebasejs/9.1.1/firebase-auth/cordova.js","auth/react-native":"https://www.gstatic.com/firebasejs/9.1.1/firebase-auth/react-native.js","functions":"https://www.gstatic.com/firebasejs/9.1.1/firebase-functions.js","firestore":"https://www.gstatic.com/firebasejs/9.1.1/firebase-firestore.js","firestore/lite":"https://www.gstatic.com/firebasejs/9.1.1/firebase-firestore/lite.js","storage":"https://www.gstatic.com/firebasejs/9.1.1/firebase-storage.js","performance":"https://www.gstatic.com/firebasejs/9.1.1/firebase-performance.js","remote-config":"https://www.gstatic.com/firebasejs/9.1.1/firebase-remote-config.js","messaging":"https://www.gstatic.com/firebasejs/9.1.1/firebase-messaging.js","messaging/sw":"https://www.gstatic.com/firebasejs/9.1.1/firebase-messaging/sw.js","database":"https://www.gstatic.com/firebasejs/9.1.1/firebase-database.js","firestore.memory":"https://www.gstatic.com/firebasejs/9.1.1/firebase-firestore.memory.js"}}
[info] i  Skipping write of public/index.html 
[info] 
[info] i  Didn't detect a .git folder. Assuming E:\MyProjects\React\ask-anything-app is the project root. 
[info] i  Authorizing with GitHub to upload your service account to a GitHub repository's secrets store. 
[info] 
[info] Visit this URL on this device to log in:
[info] https://github.com/login/oauth/authorize?client_id=89cf50f02ac6aaed3484&state=780476244&redirect_uri=http%3A%2F%2Flocalhost%3A9005&scope=read%3Auser%20repo%20public_repo
[info] 
[info] Waiting for authentication...
[debug] [2021-10-02T16:59:12.087Z] >>> HTTP REQUEST POST https://github.com/login/oauth/access_token  
 {"client_id":"89cf50f02ac6aaed3484","client_secret":"3330d14abc895d9a74d5f17cd7a00711fa2c5bf0","code":"385e4aea2a9a77c1de5c","redirect_uri":"http://localhost:9005","state":"780476244"}
[debug] [2021-10-02T16:59:13.918Z] <<< HTTP RESPONSE 200 {"server":"GitHub.com","date":"Sat, 02 Oct 2021 16:59:14 GMT","content-type":"application/json; charset=utf-8","transfer-encoding":"chunked","vary":"X-PJAX, X-PJAX-Container, Accept-Encoding, Accept, X-Requested-With","permissions-policy":"interest-cohort=()","etag":"W/\"ecd25bba4bfeff6a85dce1311a19011d\"","cache-control":"max-age=0, private, must-revalidate","strict-transport-security":"max-age=31536000; includeSubdomains; preload","x-frame-options":"deny","x-content-type-options":"nosniff","x-xss-protection":"0","referrer-policy":"origin-when-cross-origin, strict-origin-when-cross-origin","expect-ct":"max-age=2592000, report-uri=\"https://api.github.com/_private/browser/errors\"","content-security-policy":"default-src 'none'; base-uri 'self'; block-all-mixed-content; child-src github.com/assets-cdn/worker/ gist.github.com/assets-cdn/worker/; connect-src 'self' uploads.github.com www.githubstatus.com collector.githubapp.com api.github.com github-cloud.s3.amazonaws.com github-production-repository-file-5c1aeb.s3.amazonaws.com github-production-upload-manifest-file-7fdce7.s3.amazonaws.com github-production-user-asset-6210df.s3.amazonaws.com cdn.optimizely.com logx.optimizely.com/v1/events translator.github.com wss://alive.github.com; font-src github.githubassets.com; form-action 'self' github.com gist.github.com; frame-ancestors 'none'; frame-src render.githubusercontent.com viewscreen.githubusercontent.com viewscreen-lab.githubusercontent.com; img-src 'self' data: github.githubassets.com identicons.github.com collector.githubapp.com github-cloud.s3.amazonaws.com secured-user-images.githubusercontent.com/ *.githubusercontent.com; manifest-src 'self'; media-src github.com user-images.githubusercontent.com/; script-src github.githubassets.com; style-src 'unsafe-inline' github.githubassets.com; worker-src github.com/assets-cdn/worker/ gist.github.com/assets-cdn/worker/ github.com/socket-worker-0af8a29d.js gist.github.com/socket-worker-0af8a29d.js","x-github-request-id":"E591:434B:3C8A75:46A38B:61588FE2"}
[debug] [2021-10-02T16:59:13.921Z] >>> [apiv2][query] GET https://api.github.com/user [none]
[debug] [2021-10-02T16:59:15.258Z] <<< [apiv2][status] GET https://api.github.com/user 200
[debug] [2021-10-02T16:59:15.258Z] <<< [apiv2][body] GET https://api.github.com/user {"login":"jfr-codes","id":67870486,"node_id":"MDQ6VXNlcjY3ODcwNDg2","avatar_url":"https://avatars.githubusercontent.com/u/67870486?v=4","gravatar_id":"","url":"https://api.github.com/users/jfr-codes","html_url":"https://github.com/jfr-codes","followers_url":"https://api.github.com/users/jfr-codes/followers","following_url":"https://api.github.com/users/jfr-codes/following{/other_user}","gists_url":"https://api.github.com/users/jfr-codes/gists{/gist_id}","starred_url":"https://api.github.com/users/jfr-codes/starred{/owner}{/repo}","subscriptions_url":"https://api.github.com/users/jfr-codes/subscriptions","organizations_url":"https://api.github.com/users/jfr-codes/orgs","repos_url":"https://api.github.com/users/jfr-codes/repos","events_url":"https://api.github.com/users/jfr-codes/events{/privacy}","received_events_url":"https://api.github.com/users/jfr-codes/received_events","type":"User","site_admin":false,"name":"Jafar Khatib","company":null,"blog":"","location":null,"email":null,"hireable":null,"bio":"Programmer","twitter_username":null,"public_repos":3,"public_gists":0,"followers":0,"following":0,"created_at":"2020-07-05T16:14:48Z","updated_at":"2021-09-19T12:56:56Z","private_gists":0,"total_private_repos":1,"owned_private_repos":1,"disk_usage":69,"collaborators":0,"two_factor_authentication":false,"plan":{"name":"free","space":976562499,"collaborators":0,"private_repos":10000}}
[info] 
[info] +  Success! Logged into GitHub as jfr-codes 
[info] 
[debug] [2021-10-02T16:59:24.312Z] >>> [apiv2][query] GET https://api.github.com/repos//actions/secrets/public-key type=owner
[debug] [2021-10-02T16:59:26.138Z] <<< [apiv2][status] GET https://api.github.com/repos//actions/secrets/public-key 404
[debug] [2021-10-02T16:59:26.138Z] <<< [apiv2][body] GET https://api.github.com/repos//actions/secrets/public-key {"message":"Not Found","documentation_url":"https://docs.github.com/rest"}
[debug] [2021-10-02T16:59:28.444Z] >>> [apiv2][query] GET https://api.github.com/repos//actions/secrets/public-key type=owner
[debug] [2021-10-02T16:59:29.893Z] <<< [apiv2][status] GET https://api.github.com/repos//actions/secrets/public-key 404
[debug] [2021-10-02T16:59:29.894Z] <<< [apiv2][body] GET https://api.github.com/repos//actions/secrets/public-key {"message":"Not Found","documentation_url":"https://docs.github.com/rest"}
[debug] [2021-10-02T16:59:31.409Z] >>> [apiv2][query] GET https://api.github.com/repos//actions/secrets/public-key type=owner
[debug] [2021-10-02T16:59:32.772Z] <<< [apiv2][status] GET https://api.github.com/repos//actions/secrets/public-key 404
[debug] [2021-10-02T16:59:32.772Z] <<< [apiv2][body] GET https://api.github.com/repos//actions/secrets/public-key {"message":"Not Found","documentation_url":"https://docs.github.com/rest"}
